[debug] [2022-05-28T19:03:13.321Z] ----------------------------------------------------------------------
[debug] [2022-05-28T19:03:13.324Z] Command:       C:\Program Files\nodejs\node.exe C:\Users\Mickey Russell\AppData\Roaming\npm\node_modules\firebase-tools\lib\bin\firebase.js init
[debug] [2022-05-28T19:03:13.325Z] CLI Version:   10.8.0
[debug] [2022-05-28T19:03:13.325Z] Platform:      win32
[debug] [2022-05-28T19:03:13.325Z] Node Version:  v16.13.2
[debug] [2022-05-28T19:03:13.336Z] Time:          Sat May 28 2022 21:03:13 GMT+0200 (Ora legale dell’Europa centrale)
[debug] [2022-05-28T19:03:13.337Z] ----------------------------------------------------------------------
[debug] 
[debug] [2022-05-28T19:03:13.446Z] > command requires scopes: ["email","openid","https://www.googleapis.com/auth/cloudplatformprojects.readonly","https://www.googleapis.com/auth/firebase","https://www.googleapis.com/auth/cloud-platform"]
[debug] [2022-05-28T19:03:13.446Z] > authorizing via signed-in user (sarkerjotishchandra@gmail.com)
[info] 
     ######## #### ########  ######## ########     ###     ######  ########
     ##        ##  ##     ## ##       ##     ##  ##   ##  ##       ##
     ######    ##  ########  ######   ########  #########  ######  ######
     ##        ##  ##    ##  ##       ##     ## ##     ##       ## ##
     ##       #### ##     ## ######## ########  ##     ##  ######  ########

You're about to initialize a Firebase project in this directory:

  C:\Webdevelopment\car-parts-manufacturer\client

Before we get started, keep in mind:

  * You are currently outside your home directory
  * You are initializing within an existing Firebase project directory

